# JRE version: Java(TM) SE Runtime Environment (17.0.11+7) (build 17.0.11+7-LTS-207)
# Java VM: Java HotSpot(TM) 64-Bit Server VM (17.0.11+7-LTS-207, mixed mode, emulated-client, sharing, tiered, compressed oops, compressed class ptrs, g1 gc, windows-amd64)
GC Precious Log:
 CPUs: 4 total, 4 available
 Memory: 8072M
 Large Page Support: Disabled
 NUMA Support: Disabled
 Compressed Oops: Enabled (32-bit)
 Heap Region Size: 1M
 Heap Min Capacity: 8M
 Heap Initial Capacity: 128M
 Heap Max Capacity: 2020M
 Pre-touch: Disabled
 Parallel Workers: 4
 Concurrent Workers: 1
 Concurrent Refinement Workers: 4
 Periodic GC: Disabled
Heap:
 garbage-first heap   total 55296K, used 27798K [0x0000000081c00000, 0x0000000100000000)
  region size 1024K, 6 young (6144K), 1 survivors (1024K)
 Metaspace       used 49206K, committed 49664K, reserved 1114112K
  class space    used 6997K, committed 7232K, reserved 1048576K
GC Heap History (20 events):
Event: 1.438 GC heap before
{Heap before GC invocations=0 (full 0):
 garbage-first heap   total 131072K, used 13312K [0x0000000081c00000, 0x0000000100000000)
  region size 1024K, 13 young (13312K), 0 survivors (0K)
 Metaspace       used 5544K, committed 5696K, reserved 1114112K
  class space    used 670K, committed 768K, reserved 1048576K
}
Event: 1.453 GC heap after
{Heap after GC invocations=1 (full 0):
 garbage-first heap   total 131072K, used 7371K [0x0000000081c00000, 0x0000000100000000)
  region size 1024K, 2 young (2048K), 2 survivors (2048K)
 Metaspace       used 5544K, committed 5696K, reserved 1114112K
  class space    used 670K, committed 768K, reserved 1048576K
}
Event: 2.004 GC heap before
{Heap before GC invocations=1 (full 0):
 garbage-first heap   total 131072K, used 14539K [0x0000000081c00000, 0x0000000100000000)
  region size 1024K, 9 young (9216K), 2 survivors (2048K)
 Metaspace       used 7378K, committed 7616K, reserved 1114112K
  class space    used 942K, committed 1088K, reserved 1048576K
}
Event: 2.012 GC heap after
{Heap after GC invocations=2 (full 0):
 garbage-first heap   total 131072K, used 8292K [0x0000000081c00000, 0x0000000100000000)
  region size 1024K, 1 young (1024K), 1 survivors (1024K)
 Metaspace       used 7378K, committed 7616K, reserved 1114112K
  class space    used 942K, committed 1088K, reserved 1048576K
}
Event: 3.149 GC heap before
{Heap before GC invocations=2 (full 0):
 garbage-first heap   total 131072K, used 29796K [0x0000000081c00000, 0x0000000100000000)
  region size 1024K, 23 young (23552K), 1 survivors (1024K)
 Metaspace       used 11433K, committed 11712K, reserved 1114112K
  class space    used 1567K, committed 1664K, reserved 1048576K
}
Event: 3.154 GC heap after
{Heap after GC invocations=3 (full 0):
 garbage-first heap   total 131072K, used 9947K [0x0000000081c00000, 0x0000000100000000)
  region size 1024K, 3 young (3072K), 3 survivors (3072K)
 Metaspace       used 11433K, committed 11712K, reserved 1114112K
  class space    used 1567K, committed 1664K, reserved 1048576K
}
Event: 5.488 GC heap before
{Heap before GC invocations=3 (full 0):
 garbage-first heap   total 131072K, used 74459K [0x0000000081c00000, 0x0000000100000000)
  region size 1024K, 68 young (69632K), 3 survivors (3072K)
 Metaspace       used 21254K, committed 21504K, reserved 1114112K
  class space    used 2861K, committed 3008K, reserved 1048576K
}
Event: 5.498 GC heap after
{Heap after GC invocations=4 (full 0):
 garbage-first heap   total 131072K, used 14004K [0x0000000081c00000, 0x0000000100000000)
  region size 1024K, 7 young (7168K), 7 survivors (7168K)
 Metaspace       used 21254K, committed 21504K, reserved 1114112K
  class space    used 2861K, committed 3008K, reserved 1048576K
}
Event: 7.287 GC heap before
{Heap before GC invocations=5 (full 0):
 garbage-first heap   total 55296K, used 43700K [0x0000000081c00000, 0x0000000100000000)
  region size 1024K, 37 young (37888K), 7 survivors (7168K)
 Metaspace       used 25412K, committed 25792K, reserved 1114112K
  class space    used 3569K, committed 3776K, reserved 1048576K
}
Event: 7.301 GC heap after
{Heap after GC invocations=6 (full 0):
 garbage-first heap   total 55296K, used 16811K [0x0000000081c00000, 0x0000000100000000)
  region size 1024K, 7 young (7168K), 7 survivors (7168K)
 Metaspace       used 25412K, committed 25792K, reserved 1114112K
  class space    used 3569K, committed 3776K, reserved 1048576K
}
Event: 8.383 GC heap before
{Heap before GC invocations=6 (full 0):
 garbage-first heap   total 55296K, used 37291K [0x0000000081c00000, 0x0000000100000000)
  region size 1024K, 28 young (28672K), 7 survivors (7168K)
 Metaspace       used 28130K, committed 28672K, reserved 1114112K
  class space    used 3926K, committed 4160K, reserved 1048576K
}
Event: 8.393 GC heap after
{Heap after GC invocations=7 (full 0):
 garbage-first heap   total 55296K, used 19129K [0x0000000081c00000, 0x0000000100000000)
  region size 1024K, 3 young (3072K), 3 survivors (3072K)
 Metaspace       used 28130K, committed 28672K, reserved 1114112K
  class space    used 3926K, committed 4160K, reserved 1048576K
}
Event: 9.210 GC heap before
{Heap before GC invocations=7 (full 0):
 garbage-first heap   total 55296K, used 38585K [0x0000000081c00000, 0x0000000100000000)
  region size 1024K, 22 young (22528K), 3 survivors (3072K)
 Metaspace       used 33124K, committed 33600K, reserved 1114112K
  class space    used 4684K, committed 4928K, reserved 1048576K
}
Event: 9.215 GC heap after
{Heap after GC invocations=8 (full 0):
 garbage-first heap   total 55296K, used 20272K [0x0000000081c00000, 0x0000000100000000)
  region size 1024K, 2 young (2048K), 2 survivors (2048K)
 Metaspace       used 33124K, committed 33600K, reserved 1114112K
  class space    used 4684K, committed 4928K, reserved 1048576K
}
Event: 9.578 GC heap before
{Heap before GC invocations=8 (full 0):
 garbage-first heap   total 55296K, used 27440K [0x0000000081c00000, 0x0000000100000000)
  region size 1024K, 11 young (11264K), 2 survivors (2048K)
 Metaspace       used 35553K, committed 35968K, reserved 1114112K
  class space    used 4940K, committed 5120K, reserved 1048576K
}
Event: 9.581 GC heap after
{Heap after GC invocations=9 (full 0):
 garbage-first heap   total 55296K, used 20766K [0x0000000081c00000, 0x0000000100000000)
  region size 1024K, 2 young (2048K), 2 survivors (2048K)
 Metaspace       used 35553K, committed 35968K, reserved 1114112K
  class space    used 4940K, committed 5120K, reserved 1048576K
}
Event: 10.932 GC heap before
{Heap before GC invocations=10 (full 0):
 garbage-first heap   total 55296K, used 40222K [0x0000000081c00000, 0x0000000100000000)
  region size 1024K, 22 young (22528K), 2 survivors (2048K)
 Metaspace       used 42757K, committed 43264K, reserved 1114112K
  class space    used 5917K, committed 6144K, reserved 1048576K
}
Event: 10.937 GC heap after
{Heap after GC invocations=11 (full 0):
 garbage-first heap   total 55296K, used 22922K [0x0000000081c00000, 0x0000000100000000)
  region size 1024K, 3 young (3072K), 3 survivors (3072K)
 Metaspace       used 42757K, committed 43264K, reserved 1114112K
  class space    used 5917K, committed 6144K, reserved 1048576K
}
Event: 11.947 GC heap before
{Heap before GC invocations=12 (full 0):
 garbage-first heap   total 55296K, used 40330K [0x0000000081c00000, 0x0000000100000000)
  region size 1024K, 21 young (21504K), 3 survivors (3072K)
 Metaspace       used 48198K, committed 48640K, reserved 1114112K
  class space    used 6810K, committed 7040K, reserved 1048576K
}
Event: 11.952 GC heap after
{Heap after GC invocations=13 (full 0):
 garbage-first heap   total 55296K, used 23702K [0x0000000081c00000, 0x0000000100000000)
  region size 1024K, 1 young (1024K), 1 survivors (1024K)
 Metaspace       used 48198K, committed 48640K, reserved 1114112K
  class space    used 6810K, committed 7040K, reserved 1048576K
}

